0 info it worked if it ends with ok
1 verbose cli [ '/usr/local/Cellar/node/5.1.0/bin/node',
1 verbose cli   '/usr/local/bin/npm',
1 verbose cli   'run',
1 verbose cli   'webpack' ]
2 info using npm@3.3.12
3 info using node@v5.1.0
4 verbose run-script [ 'prewebpack', 'webpack', 'postwebpack' ]
5 info lifecycle Episodic@1.0.0~prewebpack: Episodic@1.0.0
6 silly lifecycle Episodic@1.0.0~prewebpack: no script for prewebpack, continuing
7 info lifecycle Episodic@1.0.0~webpack: Episodic@1.0.0
8 verbose lifecycle Episodic@1.0.0~webpack: unsafe-perm in lifecycle true
9 verbose lifecycle Episodic@1.0.0~webpack: PATH: /usr/local/lib/node_modules/npm/bin/node-gyp-bin:/Users/appacademy/Desktop/Episodic/node_modules/.bin:/usr/local/heroku/bin:/usr/local/var/rbenv/shims:/usr/local/bin:/usr/local/bin:/usr/bin:/bin:/usr/sbin:/sbin:/Applications/Postgres.app/Contents/Versions/9.3/bin
10 verbose lifecycle Episodic@1.0.0~webpack: CWD: /Users/appacademy/Desktop/Episodic
11 silly lifecycle Episodic@1.0.0~webpack: Args: [ '-c', 'webpack --watch' ]
12 silly lifecycle Episodic@1.0.0~webpack: Returned: code: 255  signal: null
13 info lifecycle Episodic@1.0.0~webpack: Failed to exec webpack script
14 verbose stack Error: Episodic@1.0.0 webpack: `webpack --watch`
14 verbose stack Exit status 255
14 verbose stack     at EventEmitter.<anonymous> (/usr/local/lib/node_modules/npm/lib/utils/lifecycle.js:232:16)
14 verbose stack     at emitTwo (events.js:87:13)
14 verbose stack     at EventEmitter.emit (events.js:172:7)
14 verbose stack     at ChildProcess.<anonymous> (/usr/local/lib/node_modules/npm/lib/utils/spawn.js:24:14)
14 verbose stack     at emitTwo (events.js:87:13)
14 verbose stack     at ChildProcess.emit (events.js:172:7)
14 verbose stack     at maybeClose (internal/child_process.js:818:16)
14 verbose stack     at Process.ChildProcess._handle.onexit (internal/child_process.js:211:5)
15 verbose pkgid Episodic@1.0.0
16 verbose cwd /Users/appacademy/Desktop/Episodic
17 error Darwin 15.5.0
18 error argv "/usr/local/Cellar/node/5.1.0/bin/node" "/usr/local/bin/npm" "run" "webpack"
19 error node v5.1.0
20 error npm  v3.3.12
21 error code ELIFECYCLE
22 error Episodic@1.0.0 webpack: `webpack --watch`
22 error Exit status 255
23 error Failed at the Episodic@1.0.0 webpack script 'webpack --watch'.
23 error Make sure you have the latest version of node.js and npm installed.
23 error If you do, this is most likely a problem with the Episodic package,
23 error not with npm itself.
23 error Tell the author that this fails on your system:
23 error     webpack --watch
23 error You can get their info via:
23 error     npm owner ls Episodic
23 error There is likely additional logging output above.
24 verbose exit [ 1, true ]
